
> ugc-branqr@0.0.1 build C:\Users\ebalo\Desktop\Projects\node\bran-qr\apps\ugc
> astro build

16:47:25 [vite] Re-optimizing dependencies because vite config has changed
16:47:26 [content] Syncing content
16:47:26 [content] Content config changed
16:47:26 [content] Clearing content store
16:47:26 [WARN] [glob-loader] No files found matching "*.png" in directory "src\content\image"
16:47:26 [content] Synced content
16:47:26 [types] Generated 693ms
16:47:26 [build] output: "static"
16:47:26 [build] mode: "static"
16:47:26 [build] directory: C:\Users\ebalo\Desktop\Projects\node\bran-qr\apps\ugc\dist\
16:47:26 [build] Collecting build info...
16:47:26 [build] ✓ Completed in 771ms.
16:47:26 [build] Building static entrypoints...
16:47:27 [vite] [32m✓ built in 1.19s[39m
16:47:27 [build] ✓ Completed in 1.24s.

 building client (vite) 
16:47:27 [vite] transforming...
16:47:27 [vite] [32m✓[39m 1 modules transformed.
16:47:27 [vite] rendering chunks...
16:47:27 [vite] [32m✓ built in 11ms[39m

 generating static routes 
16:47:27 ▶ src/pages/dynamic/[id].astro
16:47:27   └─ /dynamic/test/index.html (+14ms) 
16:47:27 λ src/pages/pdf/[id].pdf.ts
16:47:27   └─ /pdf/sample.pdf (+4ms) 
16:47:27 ▶ src/pages/index.astro
16:47:27   └─ /index.html (+4ms) 
16:47:27 ▶ src/pages/static/[id].astro
[
  {
    id: 'url/__demo__aolazklzw356rnhpxy7tyrev',
    data: {
      salt: 'N6uIHVowpNZnCh8-SQtDZrAKST9Pl9TAbeKmtGWAQLw',
      crypt_data: 'hraSPwJOLUKwmgKH.o8ibCU1gNenFEIgm_qkyyg0gUrAqATc7fVAVTb6RRVg1zlzwiURMlftE50HPojoS7heXV0LuAREBadbyRRi5l1kCc0SJJ9avruiXdiFjyVtYe1ln7_RdpCcJv3ppsFr8CFlYkG2HGJlfv3GdD3lAjtyXankpQpKH6p5WF9ciQKZnpjkxzHRZx4J8zX_wdiGU3xlRZTA9HuwGevUU2wcvosCXWHikGd1v39XvgO0oIthGcUS83EwnGZu_fWRnMh2behWNIemTjn-P0ZutRGf-VB_TNJiPJjbyOI_IyQkWuQBsTcgh5l0yjXGvwOFe_KPl_R9w2KHr1oc5rAKmAh_qyVPo4Q76YJwFJdZ3SasVmwhZxAswZC1_4jRmyRBPol2m7R6jb93Dxccrzr51XgF89PMyYFO7M_j0Gp-jDlrlMbqChsposZF7SxFGZBLxDsmiWI-gl2PQxPNLARxSe-spzOJb8wPLHe8ybxc6ttE_fOQ2I1iRDXy9x-vULPPj_74j5Theo6f3RNGmfmP-uP2_HbMSjCRBtoefv2Ei1VWtN-5PlM3s2lO5'
    },
    filePath: 'src/content/static/url/__DEMO__aolazklzw356rnhpxy7tyrev.json',
    digest: 'a657a4cb4236bd02',
    collection: 'static_content'
  }
]
Missing parameter: id
  Stack trace:
    at getParameter (file:///C:/Users/ebalo/Desktop/Projects/node/bran-qr/node_modules/.pnpm/astro@5.5.5_@types+node@22._20a451eae4fe6c2574adbaa54b41c485/node_modules/astro/dist/core/routing/manifest/generator.js:17:13)
    at Array.map (<anonymous>)
    at file:///C:/Users/ebalo/Desktop/Projects/node/bran-qr/node_modules/.pnpm/astro@5.5.5_@types+node@22._20a451eae4fe6c2574adbaa54b41c485/node_modules/astro/dist/core/routing/manifest/generator.js:34:44
    at Object.generate (file:///C:/Users/ebalo/Desktop/Projects/node/bran-qr/node_modules/.pnpm/astro@5.5.5_@types+node@22._20a451eae4fe6c2574adbaa54b41c485/node_modules/astro/dist/core/routing/manifest/generator.js:34:27)
    at findPathItemByKey (file:///C:/Users/ebalo/Desktop/Projects/node/bran-qr/node_modules/.pnpm/astro@5.5.5_@types+node@22._20a451eae4fe6c2574adbaa54b41c485/node_modules/astro/dist/core/render/route-cache.js:71:21)
16:47:27   └─ /static/url/__demo__aolazklzw356rnhpxy7tyrev/index.html ELIFECYCLE  Command failed with exit code 1.
